<?xml version="1.0" encoding="UTF-8"?>
<!-- Generated by org.testng.reporters.JUnitReportReporter -->
<testsuite skipped="0" hostname="LAPTOP-ONQFD4CN" name="MyRunner.TestRunner" tests="1" failures="0" timestamp="17 Dec 2019 05:03:42 GMT" time="101.752" errors="0">
  <testcase name="feature" time="101.752" classname="MyRunner.TestRunner"/>
</testsuite> <!-- MyRunner.TestRunner -->
