<?xml version="1.0" encoding="UTF-8"?>
<!-- Generated by org.testng.reporters.JUnitReportReporter -->
<testsuite skipped="0" hostname="LAPTOP-ONQFD4CN" name="MyRunner.TestRunner" tests="1" failures="0" timestamp="16 Dec 2019 19:00:53 GMT" time="81.608" errors="0">
  <testcase name="feature" time="81.608" classname="MyRunner.TestRunner"/>
</testsuite> <!-- MyRunner.TestRunner -->
